                          CONFORMAL (R)
                   Version 22.10-s300 (29-Aug-2022) (64 bit executable)
   Copyright (c) Cadence Design Systems, Inc., 1997-2022. All Rights Reserved


This program is proprietary and confidential information belonging to
Cadence Design Systems, Inc., and may be used and disclosed only as authorized
in a license agreement controlling such use and disclosure.

// Warning: This version is 723 days old. You can download the latest version from http://downloads.cadence.com.

// Command: read library ../lib/slow_vdd1v0_basicCells.lib -liberty -both
// Parsing file ../lib/slow_vdd1v0_basicCells.lib ...
// Warning: (RTL9.17) Cell doesn't have any output pins or all output pins are undriven (blackboxed) (occurrence:1)
// Note: (RTL9.26) Liberty pin with internal_node use default input_map (occurrence:16)
// Note: Read Liberty library successfully
CPU time     : 0.20    seconds
Elapse time  : 0       seconds
Memory usage : 77.49   M bytes
// Command: read design ../rtl/counter.v -verilog -golden
// Parsing file ../rtl/counter.v ...
// Golden root module is set to 'counter'
// Warning: (RTL1.5b) Potential loss of RHS msb or carry-out bit (occurrence:1)
// Warning: (RTL1.6) Blocking assignment is in sequential always block (occurrence:2)
// Note: Read VERILOG design successfully
// Command: read design ../syn/outputs/counter_netlist.v -verilog -revised
// Parsing file ../syn/outputs/counter_netlist.v ...
// Revised root module is set to 'counter'
// Note: Read VERILOG design successfully
// Command: set system mode lec
// Processing Golden ...
// Modeling Golden ...
// Processing Revised ...
// Modeling Revised ...
// Mapping key points ...
================================================================================
Mapped points: SYSTEM class
--------------------------------------------------------------------------------
Mapped points     PI     PO     DFF       Total   
--------------------------------------------------------------------------------
Golden            2      8      8         18      
--------------------------------------------------------------------------------
Revised           2      8      8         18      
================================================================================
// Command: add compare point -all
// 16 compared points added to compare list
// Command: compare 
================================================================================
Compared points      PO     DFF       Total   
--------------------------------------------------------------------------------
Equivalent           8      8         16      
================================================================================
// Command: exit
