============================================================
  Generated by:           Genus(TM) Synthesis Solution 22.16-s078_1
  Generated on:           Aug 22 2024  03:05:01 pm
  Module:                 counter
  Operating conditions:   PVT_0P9V_125C (balanced_tree)
  Wireload mode:          enclosed
  Area mode:              timing library
============================================================


Path 1: MET (8684 ps) Late External Delay Assertion at pin count[0]
          Group: clk
     Startpoint: (R) count_reg[0]/CK
          Clock: (R) clk
       Endpoint: (R) count[0]
          Clock: (R) clk

                     Capture       Launch     
        Clock Edge:+   10000            0     
       Src Latency:+       0            0     
       Net Latency:+       0 (I)        0 (I) 
           Arrival:=   10000            0     
                                              
      Output Delay:-    1000                  
     Required Time:=    9000                  
      Launch Clock:-       0                  
         Data Path:-     316                  
             Slack:=    8684                  

Exceptions/Constraints:
  output_delay             1000            sample.sdc_line_6_7_1 

#----------------------------------------------------------------------------------------
#  Timing Point   Flags   Arc   Edge   Cell     Fanout Load Trans Delay Arrival Instance 
#                                                      (fF)  (ps)  (ps)   (ps)  Location 
#----------------------------------------------------------------------------------------
  count_reg[0]/CK -       -     R     (arrival)      8    -   100     0       0    (-,-) 
  count_reg[0]/Q  -       CK->Q R     DFFRX1         2  0.2    24   316     316    (-,-) 
  count[0]        <<<     -     R     (port)         -    -     -     0     316    (-,-) 
#----------------------------------------------------------------------------------------

