xrun: 22.03-s012: (c) Copyright 1995-2023 Cadence Design Systems, Inc.
TOOL:	xrun	22.03-s012: Started on Feb 16, 2024 at 01:03:09 KST
xrun
	-access rwc
	tb_trrafic_signal_fsm.v
	traffic_signal_fsm.v
	-gui
xmsim: *W,NOMTDGUI: Multi-Threaded Dumping is disabled for interactive debug mode.

-------------------------------------
Relinquished control to SimVision...
xcelium> 
xcelium> source /tools/cadence/XCELIUM2303/tools/xcelium/files/xmsimrc
xcelium> database -open waves -into waves.shm -default
Created default SHM database waves
xcelium> probe -create -shm tb_trrafic_signal_fsm.clk tb_trrafic_signal_fsm.i_ta tb_trrafic_signal_fsm.i_tb tb_trrafic_signal_fsm.o_sa tb_trrafic_signal_fsm.o_sb tb_trrafic_signal_fsm.rst_n
Created probe 1
xcelium> run
Simulation complete via $finish(1) at time 83 NS + 0
./tb_trrafic_signal_fsm.v:39 	$finish;
xcelium> ^C
xcelium> exit
TOOL:	xrun	22.03-s012: Exiting on Feb 16, 2024 at 01:04:13 KST  (total: 00:01:04)
