**WARN: (TCLCMD-513):	The software could not find a matching object of the specified type for the pattern 'SRDFFX1'
**WARN: (TCLCMD-513):	The software could not find a matching object of the specified type for the pattern 'SRDFFSX1'
**WARN: (TCLCMD-513):	The software could not find a matching object of the specified type for the pattern 'SRDFFSRX1'
**WARN: (TCLCMD-513):	The software could not find a matching object of the specified type for the pattern 'SRDFFSRQX1'
**WARN: (TCLCMD-513):	The software could not find a matching object of the specified type for the pattern 'SRDFFSQX1'
**WARN: (TCLCMD-513):	The software could not find a matching object of the specified type for the pattern 'SRDFFRX1'
**WARN: (TCLCMD-513):	The software could not find a matching object of the specified type for the pattern 'SRDFFRQX1'
**WARN: (TCLCMD-513):	The software could not find a matching object of the specified type for the pattern 'SRDFFQX1'
**WARN: (TCLCMD-513):	The software could not find a matching object of the specified type for the pattern 'SRDFFNX1'
**WARN: (TCLCMD-513):	The software could not find a matching object of the specified type for the pattern 'SRDFFNSX1'
**WARN: (TCLCMD-513):	The software could not find a matching object of the specified type for the pattern 'SRDFFNSRX1'
**WARN: (TCLCMD-513):	The software could not find a matching object of the specified type for the pattern 'SRDFFNSRQX1'
**WARN: (TCLCMD-513):	The software could not find a matching object of the specified type for the pattern 'SRDFFNSQX1'
**WARN: (TCLCMD-513):	The software could not find a matching object of the specified type for the pattern 'SRDFFNRX1'
**WARN: (TCLCMD-513):	The software could not find a matching object of the specified type for the pattern 'SRDFFNRQX1'
**WARN: (TCLCMD-513):	The software could not find a matching object of the specified type for the pattern 'SRDFFNQX1'
**WARN: (TCLCMD-513):	The software could not find a matching object of the specified type for the pattern 'SPDFF4RX2'
**WARN: (TCLCMD-513):	The software could not find a matching object of the specified type for the pattern 'SPDFF4RX1'
**WARN: (TCLCMD-513):	The software could not find a matching object of the specified type for the pattern 'SPDFF2RX2'
**WARN: (TCLCMD-513):	The software could not find a matching object of the specified type for the pattern 'SPDFF2RX1'
Message <TCLCMD-513> has exceeded the message display limit of '20'. Use 'set_message -no_limit -id list_of_msgIDs' to reset the message limit.
**ERROR: (TCLCMD-917):	Cannot find 'library cells' that match ''
**ERROR: (TCLCMD-917):	Cannot find 'libraries' that match '(null)'
Info: All library file list of dcCorner 'max_delay' : '/home/william/vlsi_fundamental/lib/slow_vdd1v0_basicCells.lib'
Info: non-std cell library file list: ''
Info: genus library file list: ' /home/william/vlsi_fundamental/lib/slow_vdd1v0_basicCells.lib'
