xmelab(64): 24.03-s005: (c) Copyright 1995-2024 Cadence Design Systems, Inc.
TOOL:	xmelab(64)	24.03-s005: Started on Oct 04, 2024 at 11:19:24 KST
xmelab
    -MESS
    -access rwc
    tb_mux_4_to_1

	Elaborating the design hierarchy:
		Caching library 'mux_lib' ....... Done
	Building instance overlay tables: .................... Done
	Generating native compiled code:
		mux_lib.tb_mux_4_to_1:module <0x50105eb7>
			streams:   8, words:  7934
	Building instance specific data structures.
	Loading native compiled code:     .................... Done
	Design hierarchy summary:
		                 Instances  Unique
		Modules:                 2       2
		Registers:               6       6
		Scalar wires:            7       -
		Initial blocks:          1       1
		Cont. assignments:       0       1
		Pseudo assignments:      6       -
		Simulation timescale:  1ps
	Writing initial simulation snapshot: mux_lib.tb_mux_4_to_1:module
TOOL:	xmelab(64)	24.03-s005: Exiting on Oct 04, 2024 at 11:19:24 KST  (total: 00:00:00)
