xmelab(64): 24.03-s005: (c) Copyright 1995-2024 Cadence Design Systems, Inc.
TOOL:	xmelab(64)	24.03-s005: Started on Aug 21, 2024 at 10:51:36 KST
xmelab
    -MESS
    -access +rwc
    stimulus

	Elaborating the design hierarchy:
		Caching library 'worklib' ....... Done
	Building instance overlay tables: .................... Done
	Generating native compiled code:
		worklib.stimulus:module <0x59158bdc>
			streams:   4, words:  3288
	Building instance specific data structures.
	Loading native compiled code:     .................... Done
	Design hierarchy summary:
		             Instances  Unique
		Modules:             2       2
		Primitives:          2       2
		Registers:           3       3
		Scalar wires:        3       -
		Initial blocks:      1       1
		Pseudo assignments:  3       -
	Writing initial simulation snapshot: worklib.stimulus:module
TOOL:	xmelab(64)	24.03-s005: Exiting on Aug 21, 2024 at 10:51:36 KST  (total: 00:00:00)
